Mplus VERSION 8.11 (Linux)
MUTHEN & MUTHEN
07/26/2024   6:18 PM

INPUT INSTRUCTIONS

  TITLE: Your title goes here
  DATA: FILE = "ABCD_sui_7-26-24.dat";
  VARIABLE:
  NAMES = HSES1g subID HSES1c HSES1SQ HSES1CB NAL_lln1 NAR_lln1 AmygL_lln1 AmygR_lln1
       HipcL_lln1 HipcR_lln1 ThalL_lln1 ThalR_lln1 eventname1 NAL_lrn1 NAR_lrn1
       AmygL_lrn1 AmygR_lrn1 HipcL_lrn1 HipcR_lrn1 ThalL_lrn1 ThalR_lrn1 LtOrFrL_lln1
       LtOrFrR_lln1 MedOrFrL_lln1 MedOrFrR_lln1 rACCL_lln1 rACCR_lln1 cACCL_lln1
       cACCR_lln1 cACCL_lrn1 cACCR_lrn1 LtOrFrL_lrn1 LtOrFrR_lrn1 MedOrFrL_lrn1
       MedOrFrR_lrn1 rACCL_lrn1 rACCR_lrn1 aInslL_lln1 aInslR_lln1 aInslL_lrn1
       aInslR_lrn1 famID1 age1 income1 pedu1 spedu1 gender1 race1 prpensity1 LowEdu11
       SingPH11 UnempR11 Motm1 imgincl_mid_include1 scanID1 NAL_lln5 NAR_lln5
       AmygL_lln5 AmygR_lln5 HipcL_lln5 HipcR_lln5 ThalL_lln5 ThalR_lln5 eventname5
       NAL_lrn5 NAR_lrn5 AmygL_lrn5 AmygR_lrn5 HipcL_lrn5 HipcR_lrn5 ThalL_lrn5
       ThalR_lrn5 LtOrFrL_lln5 LtOrFrR_lln5 MedOrFrL_lln5 MedOrFrR_lln5 rACCL_lln5
       rACCR_lln5 cACCL_lln5 cACCR_lln5 cACCL_lrn5 cACCR_lrn5 LtOrFrL_lrn5
       LtOrFrR_lrn5 MedOrFrL_lrn5 MedOrFrR_lrn5 rACCL_lrn5 rACCR_lrn5 aInslL_lln5
       aInslR_lln5 aInslL_lrn5 aInslR_lrn5 age5 Motm5 imgincl_mid_include5 scanID5
       NAL_lln9 NAR_lln9 AmygL_lln9 AmygR_lln9 HipcL_lln9 HipcR_lln9 ThalL_lln9
       ThalR_lln9 eventname9 NAL_lrn9 NAR_lrn9 AmygL_lrn9 AmygR_lrn9 HipcL_lrn9
       HipcR_lrn9 ThalL_lrn9 ThalR_lrn9 LtOrFrL_lln9 LtOrFrR_lln9 MedOrFrL_lln9
       MedOrFrR_lln9 rACCL_lln9 rACCR_lln9 cACCL_lln9 cACCR_lln9 cACCL_lrn9 cACCR_lrn9
       LtOrFrL_lrn9 LtOrFrR_lrn9 MedOrFrL_lrn9 MedOrFrR_lrn9 rACCL_lrn9 rACCR_lrn9
       aInslL_lln9 aInslR_lln9 aInslL_lrn9 aInslR_lrn9 age9 Motm9 imgincl_mid_include9
       scanID9 SA_1 SA_3 SA_5 SA_3_5 SI_1 SI_3 SI_5 SI_3_5 Pedud1 FamDep1 IPR1
       HSES1gSQ HSES1gCB SHSES1 SHSES1SQ SHSES1CB SPedud1 SFamDep1 SIPR1 SLowEdu1
       SSingPH1 SUnempR1 IPR1r SIPR1r Spropense Spedu Sage Sincome Srace SMot1 SMot5
       SMot9 SaInslL_lrn1 SaInslR_lrn1 SSA_3_5 aInsl_lrn1;
  MISSING=.;



  USEVARIABLES =
  !SES Hardship indicators
  SLowEdu1 SPedud1 SFamDep1 SUnempR1 SSingPH1 SIPR1R
  !Mediator
  SaInslL_lrn1 SaInslR_lrn1
  !Suicide indicators
  SA_3_5
  !OTHER
  gender1 Sage;

  stratification = scanID1;
  CLUSTER IS famID1;
  WEIGHT = prpensity1;

  Categorical are SA_3_5;

  !grouping = gender1(1 = male, 2 = female);

  ANALYSIS:
  TYPE = COMPLEX;
  ESTIMATOR = MLR;
  !ESTIMATOR = WLSMV;
  !TYPE = RANDOM;
  !ALGORITHM=INTEGRATION;
  BOOTSTRAP = 1000;


  MODEL:

  !!!!!!!!!!!!!!!!!!!!!!!!!!!!!!!!
  !!!!!! MEASUREMENT MODEL !!!!!!!
  !!!!!!!!!!!!!!!!!!!!!!!!!!!!!!!!

  HSES BY
  SLowEdu1@1
  SPedud1
  SFamDep1
  SUnempR1
  SSingPH1
  SIPR1R;
  ! Covariances
  SIPR1R WITH SPEDUD1;
  SSINGPH1 WITH SUNEMPR1;

  AIC BY
  SaInslL_lrn1
  SaInslR_lrn1;


  !!!!!!!!!!!!!!!!!!!!!!!!!!!!!!!!!!!!!!!!!!!!!!!!
  !!!!!!!!!!!!!! STRUCTURAL MODEL !!!!!!!!!!!!!!!!
  !!!!!!!!!!!!!!!!!!!!!!!!!!!!!!!!!!!!!!!!!!!!!!!!

  SA_3_5 ON HSES AIC gender1 Sage;

  AIC ON HSES gender1 Sage;

  MODEL INDIRECT:
  SA_3_5 IND HSES;

  OUTPUT: SAMPSTAT STAND cinterval (bcbootstrap) MODINDICES (3.00) TECH4;



*** WARNING in VARIABLE command
  Note that only the first 8 characters of variable names are used in the output.
  Shorten variable names to avoid any confusion.
*** WARNING
  Clusters with the same IDs have been found in different strata.  These
  clusters are assumed to be different because clusters are not allowed
  to appear in more than one stratum.
*** WARNING in OUTPUT command
  MODINDICES option is not available for ALGORITHM=INTEGRATION.
  Request for MODINDICES is ignored.
   3 WARNING(S) FOUND IN THE INPUT INSTRUCTIONS



Your title goes here

SUMMARY OF ANALYSIS

Number of groups                                                 1
Number of observations                                        9147

Number of dependent variables                                    9
Number of independent variables                                  2
Number of continuous latent variables                            2

Observed dependent variables

  Continuous
   SLOWEDU1    SPEDUD1     SFAMDEP1    SUNEMPR1    SSINGPH1    SIPR1R
   SAINSLL_LR  SAINSLR_LR

  Binary and ordered categorical (ordinal)
   SA_3_5

Observed independent variables
   GENDER1     SAGE

Continuous latent variables
   HSES        AIC

Variables with special functions

  Stratification        SCANID1
  Cluster variable      FAMID1
  Weight variable       PRPENSIT

Estimator                                                      MLR
Information matrix                                        OBSERVED
Optimization Specifications for the Quasi-Newton Algorithm for
Continuous Outcomes
  Maximum number of iterations                                 100
  Convergence criterion                                  0.100D-05
Optimization Specifications for the EM Algorithm
  Maximum number of iterations                                 500
  Convergence criteria
    Loglikelihood change                                 0.100D-02
    Relative loglikelihood change                        0.100D-05
    Derivative                                           0.100D-02
Optimization Specifications for the M step of the EM Algorithm for
Categorical Latent variables
  Number of M step iterations                                    1
  M step convergence criterion                           0.100D-02
  Basis for M step termination                           ITERATION
Optimization Specifications for the M step of the EM Algorithm for
Censored, Binary or Ordered Categorical (Ordinal), Unordered
Categorical (Nominal) and Count Outcomes
  Number of M step iterations                                    1
  M step convergence criterion                           0.100D-02
  Basis for M step termination                           ITERATION
  Maximum value for logit thresholds                            15
  Minimum value for logit thresholds                           -15
  Minimum expected cell size for chi-square              0.100D-01
Maximum number of iterations for H1                           2000
Convergence criterion for H1                             0.100D-03
Number of bootstrap draws
    Requested                                                 1000
    Completed                                                  974
Optimization algorithm                                         EMA
Integration Specifications
  Type                                                    STANDARD
  Number of integration points                                  15
  Dimensions of numerical integration                            2
  Adaptive quadrature                                           ON
Link                                                         LOGIT
Cholesky                                                       OFF

Input data file(s)
  ABCD_sui_7-26-24.dat
Input data format  FREE


SUMMARY OF DATA

     Number of missing data patterns             2
     Number of y missing data patterns           2
     Number of u missing data patterns           1
     Number of strata                           29
     Number of clusters                       7890


COVARIANCE COVERAGE OF DATA

Minimum covariance coverage value   0.100


     PROPORTION OF DATA PRESENT FOR Y


           Covariance Coverage
              SLOWEDU1      SPEDUD1       SFAMDEP1      SUNEMPR1      SSINGPH1
              ________      ________      ________      ________      ________
 SLOWEDU1       0.947
 SPEDUD1        0.947         1.000
 SFAMDEP1       0.947         1.000         1.000
 SUNEMPR1       0.947         0.947         0.947         0.947
 SSINGPH1       0.947         0.947         0.947         0.947         0.947
 SIPR1R         0.947         1.000         1.000         0.947         0.947
 SAINSLL_       0.947         1.000         1.000         0.947         0.947
 SAINSLR_       0.947         1.000         1.000         0.947         0.947
 GENDER1        0.947         1.000         1.000         0.947         0.947
 SAGE           0.947         1.000         1.000         0.947         0.947


           Covariance Coverage
              SIPR1R        SAINSLL_      SAINSLR_      GENDER1       SAGE
              ________      ________      ________      ________      ________
 SIPR1R         1.000
 SAINSLL_       1.000         1.000
 SAINSLR_       1.000         1.000         1.000
 GENDER1        1.000         1.000         1.000         1.000
 SAGE           1.000         1.000         1.000         1.000         1.000


UNIVARIATE PROPORTIONS AND COUNTS FOR CATEGORICAL VARIABLES

    SA_3_5
      Category 1    0.978         8944.276
      Category 2    0.022          202.724


SAMPLE STATISTICS


     ESTIMATED SAMPLE STATISTICS


           Means
              SLOWEDU1      SPEDUD1       SFAMDEP1      SUNEMPR1      SSINGPH1
              ________      ________      ________      ________      ________
                0.059         0.139         0.091         0.057         0.074


           Means
              SIPR1R        SAINSLL_      SAINSLR_      GENDER1       SAGE
              ________      ________      ________      ________      ________
                0.229         0.001        -0.002         1.500         0.046


           Covariances
              SLOWEDU1      SPEDUD1       SFAMDEP1      SUNEMPR1      SSINGPH1
              ________      ________      ________      ________      ________
 SLOWEDU1       1.011
 SPEDUD1        0.400         1.047
 SFAMDEP1       0.121         0.324         1.172
 SUNEMPR1       0.399         0.413         0.195         1.043
 SSINGPH1       0.406         0.435         0.264         0.698         1.014
 SIPR1R         0.287         0.562         0.347         0.340         0.392
 SAINSLL_      -0.015        -0.015         0.006        -0.036        -0.030
 SAINSLR_      -0.017        -0.031        -0.022        -0.042        -0.037
 GENDER1        0.007         0.007        -0.011         0.019         0.015
 SAGE          -0.018         0.006         0.001        -0.010        -0.013


           Covariances
              SIPR1R        SAINSLL_      SAINSLR_      GENDER1       SAGE
              ________      ________      ________      ________      ________
 SIPR1R         0.853
 SAINSLL_      -0.012         1.016
 SAINSLR_      -0.020         0.665         1.012
 GENDER1        0.003         0.005         0.014         0.250
 SAGE          -0.027         0.028         0.053        -0.021         1.002


           Correlations
              SLOWEDU1      SPEDUD1       SFAMDEP1      SUNEMPR1      SSINGPH1
              ________      ________      ________      ________      ________
 SLOWEDU1       1.000
 SPEDUD1        0.389         1.000
 SFAMDEP1       0.111         0.293         1.000
 SUNEMPR1       0.388         0.396         0.176         1.000
 SSINGPH1       0.401         0.422         0.242         0.679         1.000
 SIPR1R         0.309         0.594         0.347         0.361         0.421
 SAINSLL_      -0.014        -0.014         0.005        -0.035        -0.029
 SAINSLR_      -0.017        -0.031        -0.020        -0.041        -0.036
 GENDER1        0.014         0.014        -0.020         0.037         0.030
 SAGE          -0.018         0.006         0.001        -0.009        -0.013


           Correlations
              SIPR1R        SAINSLL_      SAINSLR_      GENDER1       SAGE
              ________      ________      ________      ________      ________
 SIPR1R         1.000
 SAINSLL_      -0.013         1.000
 SAINSLR_      -0.022         0.656         1.000
 GENDER1        0.006         0.010         0.028         1.000
 SAGE          -0.029         0.028         0.053        -0.041         1.000


     MAXIMUM LOG-LIKELIHOOD VALUE FOR THE UNRESTRICTED (H1) MODEL IS -111557.571


UNIVARIATE SAMPLE STATISTICS


     UNIVARIATE HIGHER-ORDER MOMENT DESCRIPTIVE STATISTICS

         Variable/         Mean/     Skewness/   Minimum/ % with                Percentiles
        Sample Size      Variance    Kurtosis    Maximum  Min/Max      20%/60%    40%/80%    Median

     SLOWEDU1              0.056       2.765      -0.710    5.33%      -0.598     -0.454     -0.356
            8663.000       1.009       9.612       7.465    0.01%      -0.230      0.306
     SPEDUD1               0.139       0.478      -1.050   35.53%      -1.050     -0.177     -0.177
            9147.000       1.047      -0.606       2.443    4.45%      -0.177      0.696
     SFAMDEP1              0.091       2.611      -0.415   79.21%      -0.415     -0.415     -0.415
            9147.000       1.172       7.185       6.008    0.26%      -0.415      0.503
     SUNEMPR1              0.053       1.927      -1.523    0.01%      -0.744     -0.430     -0.252
            8663.000       1.041       5.670       7.143    0.01%      -0.061      0.549
     SSINGPH1              0.069       1.446      -1.412    0.17%      -0.778     -0.447     -0.288
            8663.000       1.011       2.686       5.424    0.02%      -0.054      0.678
     SIPR1R                0.229      -1.044      -4.298    0.04%      -0.781     -0.205      0.175
            9147.000       0.853       0.913       2.270    0.01%       0.475      0.928
     SAINSLL_LRN1          0.001       0.013      -7.063    0.01%      -0.713     -0.190      0.019
            9147.000       1.016       5.259      12.879    0.01%       0.232      0.725
     SAINSLR_LRN1         -0.002       0.036      -6.903    0.01%      -0.710     -0.209      0.007
            9147.000       1.012       3.111       6.523    0.01%       0.222      0.727
     GENDER1               1.500      -0.002       1.000   51.00%       1.000      1.000      1.000
            9147.000       0.250      -2.000       2.000   49.00%       2.000      2.000
     SAGE                  0.046      -0.053      -1.618    1.13%      -1.087     -0.289     -0.023
            9147.000       1.002      -1.276       1.838    0.01%       0.376      1.041


THE MODEL ESTIMATION TERMINATED NORMALLY



MODEL FIT INFORMATION

Number of Free Parameters                       34

Loglikelihood

          H0 Value                      -93169.051
          H0 Scaling Correction Factor      2.0615
            for MLR

Information Criteria

          Akaike (AIC)                  186406.102
          Bayesian (BIC)                186648.222
          Sample-Size Adjusted BIC      186540.176
            (n* = (n + 2) / 24)



MODEL RESULTS

                                                    Two-Tailed
                    Estimate       S.E.  Est./S.E.    P-Value

 HSES     BY
    SLOWEDU1           1.000      0.000    999.000    999.000
    SPEDUD1            1.254      0.047     26.417      0.000
    SFAMDEP1           0.764      0.042     18.065      0.000
    SUNEMPR1           1.098      0.038     28.871      0.000
    SSINGPH1           1.198      0.038     31.186      0.000
    SIPR1R             1.075      0.041     26.312      0.000

 AIC      BY
    SAINSLL_LR         1.000      0.000    999.000    999.000
    SAINSLR_LR         1.451      0.050     29.042      0.000

 AIC        ON
    HSES              -0.057      0.017     -3.433      0.001

 AIC        ON
    GENDER1            0.044      0.011      4.002      0.000
    SAGE               0.037      0.008      4.852      0.000

 SA_3_5     ON
    HSES               0.603      0.140      4.299      0.000
    AIC               -0.286      0.130     -2.201      0.028

 SA_3_5     ON
    GENDER1            0.332      0.174      1.914      0.056
    SAGE               0.290      0.081      3.564      0.000

 SIPR1R   WITH
    SPEDUD1            0.149      0.016      9.341      0.000

 SSINGPH1 WITH
    SUNEMPR1           0.296      0.024     12.506      0.000

 Intercepts
    SLOWEDU1           0.060      0.011      5.569      0.000
    SPEDUD1            0.139      0.013     10.638      0.000
    SFAMDEP1           0.091      0.015      6.088      0.000
    SUNEMPR1           0.058      0.013      4.459      0.000
    SSINGPH1           0.074      0.012      6.117      0.000
    SIPR1R             0.229      0.011     21.146      0.000
    SAINSLL_LR        -0.067      0.019     -3.492      0.000
    SAINSLR_LR        -0.101      0.025     -3.999      0.000

 Thresholds
    SA_3_5$1           4.401      0.281     15.641      0.000

 Variances
    HSES               0.306      0.016     19.049      0.000

 Residual Variances
    SLOWEDU1           0.706      0.028     25.003      0.000
    SPEDUD1            0.565      0.023     24.597      0.000
    SFAMDEP1           0.993      0.045     22.034      0.000
    SUNEMPR1           0.675      0.030     22.397      0.000
    SSINGPH1           0.576      0.025     22.964      0.000
    SIPR1R             0.499      0.017     29.122      0.000
    SAINSLL_LR         0.557      0.026     21.434      0.000
    SAINSLR_LR         0.048      0.028      1.715      0.086
    AIC                0.455      0.022     20.905      0.000


RESULTS IN PROBABILITY SCALE

                    Estimate

 SA_3_5
    Category 1         0.978
    Category 2         0.022


LOGISTIC REGRESSION ODDS RATIO RESULTS

                                                95% C.I.
                    Estimate       S.E.  Lower 2.5% Upper 2.5%

 SA_3_5     ON
    HSES               1.828      0.257      1.402      2.410
    AIC                0.752      0.098      0.582      0.979

 SA_3_5     ON
    GENDER1            1.394      0.242      0.989      1.944
    SAGE               1.337      0.109      1.156      1.571


STANDARDIZED MODEL RESULTS


STDYX Standardization

                                                    Two-Tailed
                    Estimate       S.E.  Est./S.E.    P-Value

 HSES     BY
    SLOWEDU1           0.550      0.012     47.537      0.000
    SPEDUD1            0.678      0.016     42.184      0.000
    SFAMDEP1           0.391      0.014     27.567      0.000
    SUNEMPR1           0.595      0.015     40.548      0.000
    SSINGPH1           0.658      0.014     47.382      0.000
    SIPR1R             0.644      0.013     48.690      0.000

 AIC      BY
    SAINSLL_LR         0.671      0.014     48.084      0.000
    SAINSLR_LR         0.976      0.014     67.693      0.000

 AIC        ON
    HSES              -0.047      0.014     -3.388      0.001

 AIC        ON
    GENDER1            0.033      0.008      4.000      0.000
    SAGE               0.055      0.011      4.817      0.000

 SA_3_5     ON
    HSES               0.177      0.040      4.466      0.000
    AIC               -0.103      0.045     -2.265      0.023

 SA_3_5     ON
    GENDER1            0.088      0.046      1.938      0.053
    SAGE               0.154      0.042      3.679      0.000

 SIPR1R   WITH
    SPEDUD1            0.280      0.022     12.537      0.000

 SSINGPH1 WITH
    SUNEMPR1           0.476      0.022     22.025      0.000

 Intercepts
    SLOWEDU1           0.060      0.010      5.991      0.000
    SPEDUD1            0.135      0.012     11.003      0.000
    SFAMDEP1           0.084      0.012      6.865      0.000
    SUNEMPR1           0.057      0.012      4.697      0.000
    SSINGPH1           0.074      0.011      6.436      0.000
    SIPR1R             0.248      0.013     18.838      0.000
    SAINSLL_LR        -0.067      0.019     -3.502      0.000
    SAINSLR_LR        -0.100      0.025     -4.018      0.000

 Thresholds
    SA_3_5$1           2.338      0.140     16.672      0.000

 Variances
    HSES               1.000      0.000    999.000    999.000

 Residual Variances
    SLOWEDU1           0.697      0.013     54.625      0.000
    SPEDUD1            0.540      0.022     24.757      0.000
    SFAMDEP1           0.847      0.011     76.546      0.000
    SUNEMPR1           0.646      0.017     37.000      0.000
    SSINGPH1           0.567      0.018     30.996      0.000
    SIPR1R             0.585      0.017     34.407      0.000
    SAINSLL_LR         0.549      0.019     29.330      0.000
    SAINSLR_LR         0.048      0.028      1.709      0.087
    AIC                0.994      0.002    564.432      0.000


STDY Standardization

                                                    Two-Tailed
                    Estimate       S.E.  Est./S.E.    P-Value

 HSES     BY
    SLOWEDU1           0.550      0.012     47.537      0.000
    SPEDUD1            0.678      0.016     42.184      0.000
    SFAMDEP1           0.391      0.014     27.567      0.000
    SUNEMPR1           0.595      0.015     40.548      0.000
    SSINGPH1           0.658      0.014     47.382      0.000
    SIPR1R             0.644      0.013     48.690      0.000

 AIC      BY
    SAINSLL_LR         0.671      0.014     48.084      0.000
    SAINSLR_LR         0.976      0.014     67.693      0.000

 AIC        ON
    HSES              -0.047      0.014     -3.388      0.001

 AIC        ON
    GENDER1            0.065      0.016      4.000      0.000
    SAGE               0.055      0.011      4.814      0.000

 SA_3_5     ON
    HSES               0.177      0.040      4.466      0.000
    AIC               -0.103      0.045     -2.265      0.023

 SA_3_5     ON
    GENDER1            0.176      0.091      1.938      0.053
    SAGE               0.154      0.042      3.682      0.000

 SIPR1R   WITH
    SPEDUD1            0.280      0.022     12.537      0.000

 SSINGPH1 WITH
    SUNEMPR1           0.476      0.022     22.025      0.000

 Intercepts
    SLOWEDU1           0.060      0.010      5.991      0.000
    SPEDUD1            0.135      0.012     11.003      0.000
    SFAMDEP1           0.084      0.012      6.865      0.000
    SUNEMPR1           0.057      0.012      4.697      0.000
    SSINGPH1           0.074      0.011      6.436      0.000
    SIPR1R             0.248      0.013     18.838      0.000
    SAINSLL_LR        -0.067      0.019     -3.502      0.000
    SAINSLR_LR        -0.100      0.025     -4.018      0.000

 Thresholds
    SA_3_5$1           2.338      0.140     16.672      0.000

 Variances
    HSES               1.000      0.000    999.000    999.000

 Residual Variances
    SLOWEDU1           0.697      0.013     54.625      0.000
    SPEDUD1            0.540      0.022     24.757      0.000
    SFAMDEP1           0.847      0.011     76.546      0.000
    SUNEMPR1           0.646      0.017     37.000      0.000
    SSINGPH1           0.567      0.018     30.996      0.000
    SIPR1R             0.585      0.017     34.407      0.000
    SAINSLL_LR         0.549      0.019     29.330      0.000
    SAINSLR_LR         0.048      0.028      1.709      0.087
    AIC                0.994      0.002    564.432      0.000


STD Standardization

                                                    Two-Tailed
                    Estimate       S.E.  Est./S.E.    P-Value

 HSES     BY
    SLOWEDU1           0.553      0.014     38.259      0.000
    SPEDUD1            0.694      0.018     38.273      0.000
    SFAMDEP1           0.423      0.018     23.406      0.000
    SUNEMPR1           0.608      0.017     35.010      0.000
    SSINGPH1           0.663      0.015     42.941      0.000
    SIPR1R             0.595      0.014     44.008      0.000

 AIC      BY
    SAINSLL_LR         0.676      0.016     41.547      0.000
    SAINSLR_LR         0.982      0.021     47.850      0.000

 AIC        ON
    HSES              -0.047      0.014     -3.388      0.001

 AIC        ON
    GENDER1            0.065      0.016      4.000      0.000
    SAGE               0.055      0.011      4.814      0.000

 SA_3_5     ON
    HSES               0.334      0.077      4.324      0.000
    AIC               -0.193      0.086     -2.241      0.025

 SA_3_5     ON
    GENDER1            0.332      0.174      1.914      0.056
    SAGE               0.290      0.081      3.564      0.000

 SIPR1R   WITH
    SPEDUD1            0.149      0.016      9.341      0.000

 SSINGPH1 WITH
    SUNEMPR1           0.296      0.024     12.506      0.000

 Intercepts
    SLOWEDU1           0.060      0.011      5.569      0.000
    SPEDUD1            0.139      0.013     10.638      0.000
    SFAMDEP1           0.091      0.015      6.088      0.000
    SUNEMPR1           0.058      0.013      4.459      0.000
    SSINGPH1           0.074      0.012      6.117      0.000
    SIPR1R             0.229      0.011     21.146      0.000
    SAINSLL_LR        -0.067      0.019     -3.492      0.000
    SAINSLR_LR        -0.101      0.025     -3.999      0.000

 Thresholds
    SA_3_5$1           4.401      0.281     15.641      0.000

 Variances
    HSES               1.000      0.000    999.000    999.000

 Residual Variances
    SLOWEDU1           0.706      0.028     25.003      0.000
    SPEDUD1            0.565      0.023     24.597      0.000
    SFAMDEP1           0.993      0.045     22.034      0.000
    SUNEMPR1           0.675      0.030     22.397      0.000
    SSINGPH1           0.576      0.025     22.964      0.000
    SIPR1R             0.499      0.017     29.122      0.000
    SAINSLL_LR         0.557      0.026     21.434      0.000
    SAINSLR_LR         0.048      0.028      1.715      0.086
    AIC                0.994      0.002    564.432      0.000


R-SQUARE

    Observed                                        Two-Tailed
    Variable        Estimate       S.E.  Est./S.E.    P-Value

    SA_3_5             0.072      0.020      3.555      0.000
    SLOWEDU1           0.303      0.013     23.715      0.000
    SPEDUD1            0.460      0.022     21.101      0.000
    SFAMDEP1           0.153      0.011     13.791      0.000
    SUNEMPR1           0.354      0.017     20.237      0.000
    SSINGPH1           0.433      0.018     23.680      0.000
    SIPR1R             0.415      0.017     24.373      0.000
    SAINSLL_           0.451      0.019     24.081      0.000
    SAINSLR_           0.952      0.028     34.035      0.000

     Latent                                         Two-Tailed
    Variable        Estimate       S.E.  Est./S.E.    P-Value

    AIC                0.006      0.002      3.447      0.001


TOTAL, TOTAL INDIRECT, SPECIFIC INDIRECT, AND DIRECT EFFECTS


                                                    Two-Tailed
                    Estimate       S.E.  Est./S.E.    P-Value

Effects from HSES to SA_3_5

  Total                0.620      0.138      4.487      0.000
  Total indirect       0.016      0.009      1.817      0.069

  Specific indirect 1
    SA_3_5
    AIC
    HSES               0.016      0.009      1.817      0.069

  Direct
    SA_3_5
    HSES               0.603      0.140      4.299      0.000



STANDARDIZED TOTAL, TOTAL INDIRECT, SPECIFIC INDIRECT, AND DIRECT EFFECTS


STDYX Standardization

                                                    Two-Tailed
                    Estimate       S.E.  Est./S.E.    P-Value

Effects from HSES to SA_3_5

  Total                0.182      0.039      4.673      0.000
  Total indirect       0.005      0.003      1.827      0.068

  Specific indirect 1
    SA_3_5
    AIC
    HSES               0.005      0.003      1.827      0.068

  Direct
    SA_3_5
    HSES               0.177      0.040      4.466      0.000



STDY Standardization

                                                    Two-Tailed
                    Estimate       S.E.  Est./S.E.    P-Value

Effects from HSES to SA_3_5

  Total                0.182      0.039      4.673      0.000
  Total indirect       0.005      0.003      1.827      0.068

  Specific indirect 1
    SA_3_5
    AIC
    HSES               0.005      0.003      1.827      0.068

  Direct
    SA_3_5
    HSES               0.177      0.040      4.466      0.000



STD Standardization

                                                    Two-Tailed
                    Estimate       S.E.  Est./S.E.    P-Value

Effects from HSES to SA_3_5

  Total                0.343      0.076      4.516      0.000
  Total indirect       0.009      0.005      1.808      0.071

  Specific indirect 1
    SA_3_5
    AIC
    HSES               0.009      0.005      1.808      0.071

  Direct
    SA_3_5
    HSES               0.334      0.077      4.324      0.000




CONFIDENCE INTERVALS OF MODEL RESULTS

                  Lower .5%  Lower 2.5%    Lower 5%    Estimate    Upper 5%  Upper 2.5%   Upper .5%

 HSES     BY
    SLOWEDU1         1.000       1.000       1.000       1.000       1.000       1.000       1.000
    SPEDUD1          1.143       1.169       1.185       1.254       1.340       1.356       1.389
    SFAMDEP1         0.662       0.688       0.698       0.764       0.840       0.851       0.880
    SUNEMPR1         1.012       1.032       1.041       1.098       1.165       1.180       1.203
    SSINGPH1         1.105       1.125       1.136       1.198       1.263       1.280       1.317
    SIPR1R           0.974       1.008       1.018       1.075       1.152       1.167       1.199

 AIC      BY
    SAINSLL_LR       1.000       1.000       1.000       1.000       1.000       1.000       1.000
    SAINSLR_LR       1.183       1.183       1.183       1.451       1.488       1.499       1.520

 AIC      ON
    HSES            -0.109      -0.090      -0.085      -0.057      -0.031      -0.026      -0.016

 AIC      ON
    GENDER1          0.013       0.025       0.031       0.044       0.067       0.073       0.083
    SAGE             0.016       0.022       0.025       0.037       0.050       0.052       0.056

 SA_3_5   ON
    HSES             0.221       0.338       0.366       0.603       0.835       0.880       0.959
    AIC             -0.602      -0.541      -0.494      -0.286      -0.055      -0.021       0.062

 SA_3_5   ON
    GENDER1         -0.105      -0.011       0.025       0.332       0.613       0.665       0.797
    SAGE             0.080       0.145       0.161       0.290       0.424       0.452       0.495

 SIPR1R   WITH
    SPEDUD1          0.106       0.117       0.124       0.149       0.176       0.179       0.186

 SSINGPH1 WITH
    SUNEMPR1         0.236       0.250       0.256       0.296       0.335       0.341       0.351

 Intercepts
    SLOWEDU1         0.026       0.036       0.040       0.060       0.077       0.079       0.087
    SPEDUD1          0.103       0.111       0.116       0.139       0.158       0.162       0.171
    SFAMDEP1         0.055       0.061       0.067       0.091       0.116       0.122       0.129
    SUNEMPR1         0.022       0.032       0.036       0.058       0.078       0.083       0.090
    SSINGPH1         0.041       0.049       0.053       0.074       0.092       0.097       0.102
    SIPR1R           0.200       0.208       0.211       0.229       0.247       0.250       0.259
    SAINSLL_LR      -0.156      -0.122      -0.111      -0.067      -0.045      -0.038      -0.021
    SAINSLR_LR      -0.184      -0.156      -0.137      -0.101      -0.058      -0.045      -0.013

 Thresholds
    SA_3_5$1         3.722       3.835       3.913       4.401       4.828       4.936       5.167

 Variances
    HSES             0.259       0.274       0.278       0.306       0.331       0.337       0.349

 Residual Variances
    SLOWEDU1         0.636       0.654       0.662       0.706       0.752       0.765       0.782
    SPEDUD1          0.504       0.522       0.528       0.565       0.602       0.612       0.621
    SFAMDEP1         0.886       0.912       0.923       0.993       1.070       1.087       1.120
    SUNEMPR1         0.599       0.620       0.627       0.675       0.727       0.737       0.753
    SSINGPH1         0.516       0.528       0.534       0.576       0.617       0.627       0.639
    SIPR1R           0.456       0.466       0.471       0.499       0.528       0.533       0.543
    SAINSLL_LR       0.435       0.435       0.476       0.557       0.582       0.589       0.608
    SAINSLR_LR       0.004       0.007       0.008       0.048       0.198       0.198       0.198
    AIC              0.418       0.430       0.435       0.455       0.565       0.588       0.588


CONFIDENCE INTERVALS FOR THE LOGISTIC REGRESSION ODDS RATIO RESULTS

 SA_3_5   ON
    HSES             1.247       1.402       1.442       1.828       2.304       2.410       2.608
    AIC              0.547       0.582       0.610       0.752       0.947       0.979       1.064

 SA_3_5   ON
    GENDER1          0.901       0.989       1.025       1.394       1.845       1.944       2.219
    SAGE             1.083       1.156       1.175       1.337       1.529       1.571       1.640


CONFIDENCE INTERVALS OF STANDARDIZED MODEL RESULTS


STDYX Standardization

                  Lower .5%  Lower 2.5%    Lower 5%    Estimate    Upper 5%  Upper 2.5%   Upper .5%

 HSES     BY
    SLOWEDU1         0.520       0.526       0.529       0.550       0.568       0.570       0.575
    SPEDUD1          0.636       0.647       0.652       0.678       0.703       0.709       0.719
    SFAMDEP1         0.353       0.364       0.368       0.391       0.415       0.419       0.426
    SUNEMPR1         0.556       0.566       0.570       0.595       0.619       0.624       0.632
    SSINGPH1         0.620       0.630       0.634       0.658       0.681       0.685       0.692
    SIPR1R           0.611       0.619       0.623       0.644       0.666       0.672       0.677

 AIC      BY
    SAINSLL_LR       0.651       0.658       0.662       0.671       0.760       0.760       0.760
    SAINSLR_LR       0.895       0.895       0.895       0.976       0.996       0.997       0.998

 AIC      ON
    HSES            -0.085      -0.074      -0.071      -0.047      -0.025      -0.021      -0.012

 AIC      ON
    GENDER1          0.007       0.017       0.021       0.033       0.047       0.053       0.060
    SAGE             0.022       0.029       0.035       0.055       0.072       0.076       0.082

 SA_3_5   ON
    HSES             0.067       0.100       0.111       0.177       0.244       0.253       0.275
    AIC             -0.207      -0.189      -0.175      -0.103      -0.023      -0.010       0.021

 SA_3_5   ON
    GENDER1         -0.028      -0.003       0.007       0.088       0.161       0.174       0.205
    SAGE             0.043       0.079       0.087       0.154       0.223       0.235       0.263

 SIPR1R   WITH
    SPEDUD1          0.218       0.233       0.244       0.280       0.316       0.320       0.329

 SSINGPH1 WITH
    SUNEMPR1         0.413       0.428       0.438       0.476       0.508       0.514       0.522

 Intercepts
    SLOWEDU1         0.027       0.036       0.041       0.060       0.075       0.077       0.084
    SPEDUD1          0.101       0.109       0.114       0.135       0.154       0.158       0.165
    SFAMDEP1         0.054       0.059       0.063       0.084       0.104       0.107       0.115
    SUNEMPR1         0.022       0.032       0.035       0.057       0.075       0.079       0.086
    SSINGPH1         0.042       0.049       0.053       0.074       0.091       0.094       0.099
    SIPR1R           0.214       0.223       0.227       0.248       0.270       0.274       0.283
    SAINSLL_LR      -0.157      -0.121      -0.109      -0.067      -0.046      -0.039      -0.021
    SAINSLR_LR      -0.183      -0.156      -0.138      -0.100      -0.059      -0.046      -0.016

 Thresholds
    SA_3_5$1         1.997       2.061       2.113       2.338       2.570       2.610       2.706

 Variances
    HSES             1.000       1.000       1.000       1.000       1.000       1.000       1.000

 Residual Variances
    SLOWEDU1         0.669       0.674       0.677       0.697       0.720       0.722       0.728
    SPEDUD1          0.479       0.496       0.506       0.540       0.575       0.582       0.596
    SFAMDEP1         0.818       0.824       0.828       0.847       0.864       0.867       0.875
    SUNEMPR1         0.601       0.609       0.617       0.646       0.675       0.679       0.690
    SSINGPH1         0.520       0.530       0.536       0.567       0.599       0.602       0.615
    SIPR1R           0.540       0.548       0.556       0.585       0.611       0.617       0.626
    SAINSLL_LR       0.422       0.422       0.422       0.549       0.562       0.567       0.576
    SAINSLR_LR       0.004       0.007       0.008       0.048       0.199       0.199       0.199
    AIC              0.989       0.990       0.991       0.994       0.996       0.997       0.997


STDY Standardization

                  Lower .5%  Lower 2.5%    Lower 5%    Estimate    Upper 5%  Upper 2.5%   Upper .5%

 HSES     BY
    SLOWEDU1         0.520       0.526       0.529       0.550       0.568       0.570       0.575
    SPEDUD1          0.636       0.647       0.652       0.678       0.703       0.709       0.719
    SFAMDEP1         0.353       0.364       0.368       0.391       0.415       0.419       0.426
    SUNEMPR1         0.556       0.566       0.570       0.595       0.619       0.624       0.632
    SSINGPH1         0.620       0.630       0.634       0.658       0.681       0.685       0.692
    SIPR1R           0.611       0.619       0.623       0.644       0.666       0.672       0.677

 AIC      BY
    SAINSLL_LR       0.651       0.658       0.662       0.671       0.760       0.760       0.760
    SAINSLR_LR       0.895       0.895       0.895       0.976       0.996       0.997       0.998

 AIC      ON
    HSES            -0.085      -0.074      -0.071      -0.047      -0.025      -0.021      -0.012

 AIC      ON
    GENDER1          0.014       0.034       0.043       0.065       0.093       0.106       0.120
    SAGE             0.022       0.029       0.035       0.055       0.072       0.076       0.082

 SA_3_5   ON
    HSES             0.067       0.100       0.111       0.177       0.244       0.253       0.275
    AIC             -0.207      -0.189      -0.175      -0.103      -0.023      -0.010       0.021

 SA_3_5   ON
    GENDER1         -0.055      -0.006       0.013       0.176       0.322       0.348       0.410
    SAGE             0.043       0.079       0.087       0.154       0.224       0.236       0.261

 SIPR1R   WITH
    SPEDUD1          0.218       0.233       0.244       0.280       0.316       0.320       0.329

 SSINGPH1 WITH
    SUNEMPR1         0.413       0.428       0.438       0.476       0.508       0.514       0.522

 Intercepts
    SLOWEDU1         0.027       0.036       0.041       0.060       0.075       0.077       0.084
    SPEDUD1          0.101       0.109       0.114       0.135       0.154       0.158       0.165
    SFAMDEP1         0.054       0.059       0.063       0.084       0.104       0.107       0.115
    SUNEMPR1         0.022       0.032       0.035       0.057       0.075       0.079       0.086
    SSINGPH1         0.042       0.049       0.053       0.074       0.091       0.094       0.099
    SIPR1R           0.214       0.223       0.227       0.248       0.270       0.274       0.283
    SAINSLL_LR      -0.157      -0.121      -0.109      -0.067      -0.046      -0.039      -0.021
    SAINSLR_LR      -0.183      -0.156      -0.138      -0.100      -0.059      -0.046      -0.016

 Thresholds
    SA_3_5$1         1.997       2.061       2.113       2.338       2.570       2.610       2.706

 Variances
    HSES             1.000       1.000       1.000       1.000       1.000       1.000       1.000

 Residual Variances
    SLOWEDU1         0.669       0.674       0.677       0.697       0.720       0.722       0.728
    SPEDUD1          0.479       0.496       0.506       0.540       0.575       0.582       0.596
    SFAMDEP1         0.818       0.824       0.828       0.847       0.864       0.867       0.875
    SUNEMPR1         0.601       0.609       0.617       0.646       0.675       0.679       0.690
    SSINGPH1         0.520       0.530       0.536       0.567       0.599       0.602       0.615
    SIPR1R           0.540       0.548       0.556       0.585       0.611       0.617       0.626
    SAINSLL_LR       0.422       0.422       0.422       0.549       0.562       0.567       0.576
    SAINSLR_LR       0.004       0.007       0.008       0.048       0.199       0.199       0.199
    AIC              0.989       0.990       0.991       0.994       0.996       0.997       0.997


STD Standardization

                  Lower .5%  Lower 2.5%    Lower 5%    Estimate    Upper 5%  Upper 2.5%   Upper .5%

 HSES     BY
    SLOWEDU1         0.509       0.523       0.528       0.553       0.575       0.581       0.591
    SPEDUD1          0.650       0.660       0.666       0.694       0.725       0.730       0.745
    SFAMDEP1         0.374       0.388       0.394       0.423       0.453       0.458       0.473
    SUNEMPR1         0.565       0.572       0.579       0.608       0.635       0.640       0.649
    SSINGPH1         0.619       0.632       0.638       0.663       0.688       0.695       0.701
    SIPR1R           0.560       0.569       0.573       0.595       0.619       0.621       0.628

 AIC      BY
    SAINSLL_LR       0.648       0.657       0.662       0.676       0.754       0.772       0.772
    SAINSLR_LR       0.887       0.887       0.887       0.982       0.997       1.002       1.013

 AIC      ON
    HSES            -0.085      -0.074      -0.071      -0.047      -0.025      -0.021      -0.012

 AIC      ON
    GENDER1          0.014       0.034       0.043       0.065       0.093       0.106       0.120
    SAGE             0.022       0.029       0.035       0.055       0.072       0.076       0.082

 SA_3_5   ON
    HSES             0.126       0.186       0.207       0.334       0.462       0.487       0.531
    AIC             -0.401      -0.362      -0.332      -0.193      -0.044      -0.018       0.041

 SA_3_5   ON
    GENDER1         -0.105      -0.011       0.025       0.332       0.613       0.665       0.797
    SAGE             0.080       0.145       0.161       0.290       0.424       0.452       0.495

 SIPR1R   WITH
    SPEDUD1          0.106       0.117       0.124       0.149       0.176       0.179       0.186

 SSINGPH1 WITH
    SUNEMPR1         0.236       0.250       0.256       0.296       0.335       0.341       0.351

 Intercepts
    SLOWEDU1         0.026       0.036       0.040       0.060       0.077       0.079       0.087
    SPEDUD1          0.103       0.111       0.116       0.139       0.158       0.162       0.171
    SFAMDEP1         0.055       0.061       0.067       0.091       0.116       0.122       0.129
    SUNEMPR1         0.022       0.032       0.036       0.058       0.078       0.083       0.090
    SSINGPH1         0.041       0.049       0.053       0.074       0.092       0.097       0.102
    SIPR1R           0.200       0.208       0.211       0.229       0.247       0.250       0.259
    SAINSLL_LR      -0.156      -0.122      -0.111      -0.067      -0.045      -0.038      -0.021
    SAINSLR_LR      -0.184      -0.156      -0.137      -0.101      -0.058      -0.045      -0.013

 Thresholds
    SA_3_5$1         3.722       3.835       3.913       4.401       4.828       4.936       5.167

 Variances
    HSES             1.000       1.000       1.000       1.000       1.000       1.000       1.000

 Residual Variances
    SLOWEDU1         0.636       0.654       0.662       0.706       0.752       0.765       0.782
    SPEDUD1          0.504       0.522       0.528       0.565       0.602       0.612       0.621
    SFAMDEP1         0.886       0.912       0.923       0.993       1.070       1.087       1.120
    SUNEMPR1         0.599       0.620       0.627       0.675       0.727       0.737       0.753
    SSINGPH1         0.516       0.528       0.534       0.576       0.617       0.627       0.639
    SIPR1R           0.456       0.466       0.471       0.499       0.528       0.533       0.543
    SAINSLL_LR       0.435       0.435       0.476       0.557       0.582       0.589       0.608
    SAINSLR_LR       0.004       0.007       0.008       0.048       0.198       0.198       0.198
    AIC              0.989       0.990       0.991       0.994       0.996       0.997       0.997


CONFIDENCE INTERVALS OF TOTAL, TOTAL INDIRECT, SPECIFIC INDIRECT, AND DIRECT EFFECTS


                  Lower .5%  Lower 2.5%    Lower 5%    Estimate    Upper 5%  Upper 2.5%   Upper .5%

Effects from HSES to SA_3_5

  Total              0.240       0.347       0.385       0.620       0.845       0.895       0.963
  Total indirect    -0.001       0.003       0.005       0.016       0.035       0.041       0.047

  Specific indirect 1
    SA_3_5
    AIC
    HSES            -0.001       0.003       0.005       0.016       0.035       0.041       0.047

  Direct
    SA_3_5
    HSES             0.221       0.338       0.366       0.603       0.835       0.880       0.959



CONFIDENCE INTERVALS OF STANDARDIZED TOTAL, TOTAL INDIRECT, SPECIFIC INDIRECT, AND DIRECT EFFECTS


STDYX Standardization

                  Lower .5%  Lower 2.5%    Lower 5%    Estimate    Upper 5%  Upper 2.5%   Upper .5%

Effects from HSES to SA_3_5

  Total              0.073       0.107       0.118       0.182       0.248       0.260       0.276
  Total indirect     0.000       0.001       0.001       0.005       0.010       0.012       0.014

  Specific indirect 1
    SA_3_5
    AIC
    HSES             0.000       0.001       0.001       0.005       0.010       0.012       0.014

  Direct
    SA_3_5
    HSES             0.067       0.100       0.111       0.177       0.244       0.253       0.275



STDY Standardization

                  Lower .5%  Lower 2.5%    Lower 5%    Estimate    Upper 5%  Upper 2.5%   Upper .5%

Effects from HSES to SA_3_5

  Total              0.073       0.107       0.118       0.182       0.248       0.260       0.276
  Total indirect     0.000       0.001       0.001       0.005       0.010       0.012       0.014

  Specific indirect 1
    SA_3_5
    AIC
    HSES             0.000       0.001       0.001       0.005       0.010       0.012       0.014

  Direct
    SA_3_5
    HSES             0.067       0.100       0.111       0.177       0.244       0.253       0.275



STD Standardization

                  Lower .5%  Lower 2.5%    Lower 5%    Estimate    Upper 5%  Upper 2.5%   Upper .5%

Effects from HSES to SA_3_5

  Total              0.135       0.195       0.217       0.343       0.468       0.496       0.533
  Total indirect    -0.001       0.002       0.003       0.009       0.019       0.022       0.026

  Specific indirect 1
    SA_3_5
    AIC
    HSES            -0.001       0.002       0.003       0.009       0.019       0.022       0.026

  Direct
    SA_3_5
    HSES             0.126       0.186       0.207       0.334       0.462       0.487       0.531




TECHNICAL 4 OUTPUT


     ESTIMATES DERIVED FROM THE MODEL


           ESTIMATED MEANS FOR THE LATENT VARIABLES
              HSES          AIC           SA_3_5        GENDER1       SAGE
              ________      ________      ________      ________      ________
                0.000         0.068         0.492         1.500         0.046


           ESTIMATED COVARIANCE MATRIX FOR THE LATENT VARIABLES
              HSES          AIC           SA_3_5        GENDER1       SAGE
              ________      ________      ________      ________      ________
 HSES           0.306
 AIC           -0.017         0.458
 SA_3_5         0.190        -0.127         3.545
 GENDER1        0.000         0.010         0.074         0.250
 SAGE           0.000         0.036         0.274        -0.021         1.002


           ESTIMATED CORRELATION MATRIX FOR THE LATENT VARIABLES
              HSES          AIC           SA_3_5        GENDER1       SAGE
              ________      ________      ________      ________      ________
 HSES           1.000
 AIC           -0.047         1.000
 SA_3_5         0.182        -0.100         1.000
 GENDER1        0.000         0.030         0.079         1.000
 SAGE           0.000         0.053         0.145        -0.041         1.000


     Beginning Time:  18:18:21
        Ending Time:  06:24:34
       Elapsed Time:  12:06:13



MUTHEN & MUTHEN
3463 Stoner Ave.
Los Angeles, CA  90066

Tel: (310) 391-9971
Fax: (310) 391-8971
Web: www.StatModel.com
Support: Support@StatModel.com

Copyright (c) 1998-2024 Muthen & Muthen
